<?xml version="1.0" encoding="UTF-8"?>
<!-- Generated by org.testng.reporters.JUnitReportReporter -->
<testsuite hostname="zhaoming-VirtualBox" failures="0" tests="3" name="com.camvi.autotest.personApi.PersonApiAppendFace" time="0.738" errors="0" timestamp="30 Nov 2020 21:09:14 GMT" skipped="0">
  <testcase classname="com.camvi.autotest.personApi.PersonApiAppendFace" name="testAppendFace" time="0.406"/>
  <testcase classname="com.camvi.autotest.personApi.PersonApiAppendFace" name="testAppendFace" time="0.272"/>
  <testcase classname="com.camvi.autotest.personApi.PersonApiAppendFace" name="test" time="0.060"/>
</testsuite> <!-- com.camvi.autotest.personApi.PersonApiAppendFace -->
