<?xml version="1.0" encoding="UTF-8"?>
<!-- Generated by org.testng.reporters.JUnitReportReporter -->
<testsuite hostname="zhaoming-VirtualBox" failures="0" tests="11" name="com.camvi.autotest.personApi.PersonApiFaceInfo" time="4.792" errors="0" timestamp="30 Nov 2020 21:09:14 GMT" skipped="0">
  <testcase classname="com.camvi.autotest.personApi.PersonApiFaceInfo" name="createFaces" time="0.592"/>
  <testcase classname="com.camvi.autotest.personApi.PersonApiFaceInfo" name="testFaceInfo" time="0.228"/>
  <testcase classname="com.camvi.autotest.personApi.PersonApiFaceInfo" name="createFaces" time="0.324"/>
  <testcase classname="com.camvi.autotest.personApi.PersonApiFaceInfo" name="createFaces" time="0.532"/>
  <testcase classname="com.camvi.autotest.personApi.PersonApiFaceInfo" name="createFaces" time="0.365"/>
  <testcase classname="com.camvi.autotest.personApi.PersonApiFaceInfo" name="createFaces" time="0.415"/>
  <testcase classname="com.camvi.autotest.personApi.PersonApiFaceInfo" name="createFaces" time="0.349"/>
  <testcase classname="com.camvi.autotest.personApi.PersonApiFaceInfo" name="createFaces" time="0.376"/>
  <testcase classname="com.camvi.autotest.personApi.PersonApiFaceInfo" name="createFaces" time="0.321"/>
  <testcase classname="com.camvi.autotest.personApi.PersonApiFaceInfo" name="createFaces" time="0.985"/>
  <testcase classname="com.camvi.autotest.personApi.PersonApiFaceInfo" name="createFaces" time="0.305"/>
</testsuite> <!-- com.camvi.autotest.personApi.PersonApiFaceInfo -->
