<?xml version="1.0" encoding="UTF-8"?>
<!-- Generated by org.testng.reporters.JUnitReportReporter -->
<testsuite hostname="zhaoming-VirtualBox" failures="0" tests="10" name="com.camvi.autotest.personApi.PersonApiQuery" time="0.336" errors="0" timestamp="30 Nov 2020 21:09:14 GMT" skipped="0">
  <testcase classname="com.camvi.autotest.personApi.PersonApiQuery" name="testQuery" time="0.017"/>
  <testcase classname="com.camvi.autotest.personApi.PersonApiQuery" name="testQuery" time="0.042"/>
  <testcase classname="com.camvi.autotest.personApi.PersonApiQuery" name="testQuery" time="0.035"/>
  <testcase classname="com.camvi.autotest.personApi.PersonApiQuery" name="testQuery" time="0.026"/>
  <testcase classname="com.camvi.autotest.personApi.PersonApiQuery" name="testQuery" time="0.034"/>
  <testcase classname="com.camvi.autotest.personApi.PersonApiQuery" name="testQuery" time="0.031"/>
  <testcase classname="com.camvi.autotest.personApi.PersonApiQuery" name="testQuery" time="0.035"/>
  <testcase classname="com.camvi.autotest.personApi.PersonApiQuery" name="testQuery" time="0.035"/>
  <testcase classname="com.camvi.autotest.personApi.PersonApiQuery" name="testQuery" time="0.032"/>
  <testcase classname="com.camvi.autotest.personApi.PersonApiQuery" name="testQuery" time="0.049"/>
</testsuite> <!-- com.camvi.autotest.personApi.PersonApiQuery -->
