<?xml version="1.0" encoding="UTF-8"?>
<!-- Generated by org.testng.reporters.JUnitReportReporter -->
<testsuite skipped="0" hostname="qiang-ThinkPad-P51" name="com.camvi.autotest.FaceRecApi.FaceRecApiRecognize" tests="2" failures="0" timestamp="21 Aug 2018 18:45:37 GMT" time="0.975" errors="0">
  <testcase name="test" time="0.512" classname="com.camvi.autotest.FaceRecApi.FaceRecApiRecognize"/>
  <testcase name="test" time="0.463" classname="com.camvi.autotest.FaceRecApi.FaceRecApiRecognize"/>
</testsuite> <!-- com.camvi.autotest.FaceRecApi.FaceRecApiRecognize -->
