<?xml version="1.0" encoding="UTF-8"?>
<!-- Generated by org.testng.reporters.JUnitReportReporter -->
<testsuite hostname="zhaoming-VirtualBox" failures="0" tests="11" name="com.camvi.autotest.personApi.PersonApiRemoveFace" time="5.863" errors="0" timestamp="30 Nov 2020 21:09:14 GMT" skipped="0">
  <testcase classname="com.camvi.autotest.personApi.PersonApiRemoveFace" name="createFaces" time="0.367"/>
  <testcase classname="com.camvi.autotest.personApi.PersonApiRemoveFace" name="createFaces" time="0.315"/>
  <testcase classname="com.camvi.autotest.personApi.PersonApiRemoveFace" name="createFaces" time="0.339"/>
  <testcase classname="com.camvi.autotest.personApi.PersonApiRemoveFace" name="createFaces" time="0.321"/>
  <testcase classname="com.camvi.autotest.personApi.PersonApiRemoveFace" name="createFaces" time="0.386"/>
  <testcase classname="com.camvi.autotest.personApi.PersonApiRemoveFace" name="createFaces" time="0.372"/>
  <testcase classname="com.camvi.autotest.personApi.PersonApiRemoveFace" name="createFaces" time="0.691"/>
  <testcase classname="com.camvi.autotest.personApi.PersonApiRemoveFace" name="createFaces" time="0.284"/>
  <testcase classname="com.camvi.autotest.personApi.PersonApiRemoveFace" name="createFaces" time="1.132"/>
  <testcase classname="com.camvi.autotest.personApi.PersonApiRemoveFace" name="testRemoveFace" time="1.039"/>
  <testcase classname="com.camvi.autotest.personApi.PersonApiRemoveFace" name="createFaces" time="0.617"/>
</testsuite> <!-- com.camvi.autotest.personApi.PersonApiRemoveFace -->
