<?xml version="1.0" encoding="UTF-8"?>
<!-- Generated by org.testng.reporters.JUnitReportReporter -->
<testsuite hostname="zhaoming-VirtualBox" failures="0" tests="3" name="com.camvi.autotest.personApi.PersonApiClear" time="1.318" errors="0" timestamp="30 Nov 2020 21:09:14 GMT" skipped="0">
  <testcase classname="com.camvi.autotest.personApi.PersonApiClear" name="test" time="0.108"/>
  <testcase classname="com.camvi.autotest.personApi.PersonApiClear" name="appendFace" time="0.796"/>
  <testcase classname="com.camvi.autotest.personApi.PersonApiClear" name="appendFace" time="0.414"/>
</testsuite> <!-- com.camvi.autotest.personApi.PersonApiClear -->
