<?xml version="1.0" encoding="UTF-8"?>
<!-- Generated by org.testng.reporters.JUnitReportReporter -->
<testsuite hostname="zhaoming-VirtualBox" failures="0" tests="11" name="com.camvi.autotest.personApi.PersonApiDelete" time="0.845" errors="0" timestamp="30 Nov 2020 21:09:14 GMT" skipped="0">
  <testcase classname="com.camvi.autotest.personApi.PersonApiDelete" name="testCreate" time="0.040"/>
  <testcase classname="com.camvi.autotest.personApi.PersonApiDelete" name="testDelete" time="0.460"/>
  <testcase classname="com.camvi.autotest.personApi.PersonApiDelete" name="testCreate" time="0.043"/>
  <testcase classname="com.camvi.autotest.personApi.PersonApiDelete" name="testCreate" time="0.042"/>
  <testcase classname="com.camvi.autotest.personApi.PersonApiDelete" name="testCreate" time="0.035"/>
  <testcase classname="com.camvi.autotest.personApi.PersonApiDelete" name="testCreate" time="0.035"/>
  <testcase classname="com.camvi.autotest.personApi.PersonApiDelete" name="testCreate" time="0.025"/>
  <testcase classname="com.camvi.autotest.personApi.PersonApiDelete" name="testCreate" time="0.043"/>
  <testcase classname="com.camvi.autotest.personApi.PersonApiDelete" name="testCreate" time="0.047"/>
  <testcase classname="com.camvi.autotest.personApi.PersonApiDelete" name="testCreate" time="0.031"/>
  <testcase classname="com.camvi.autotest.personApi.PersonApiDelete" name="testCreate" time="0.044"/>
</testsuite> <!-- com.camvi.autotest.personApi.PersonApiDelete -->
