<?xml version="1.0" encoding="UTF-8"?>
<!-- Generated by org.testng.reporters.JUnitReportReporter -->
<testsuite skipped="0" hostname="qiang-ThinkPad-P51" name="com.camvi.autotest.personApi.PersonApiRemoveDetail" tests="1" failures="0" timestamp="20 Aug 2018 19:10:34 GMT" time="0.039" errors="0">
  <testcase name="test" time="0.039" classname="com.camvi.autotest.personApi.PersonApiRemoveDetail"/>
</testsuite> <!-- com.camvi.autotest.personApi.PersonApiRemoveDetail -->
