<?xml version="1.0" encoding="UTF-8"?>
<!-- Generated by org.testng.reporters.JUnitReportReporter -->
<testsuite hostname="zhaoming-VirtualBox" failures="0" tests="10" name="com.camvi.autotest.personApi.PersonApiCreate" time="5.399" errors="0" timestamp="30 Nov 2020 21:09:14 GMT" skipped="0">
  <testcase classname="com.camvi.autotest.personApi.PersonApiCreate" name="test" time="0.406"/>
  <testcase classname="com.camvi.autotest.personApi.PersonApiCreate" name="test" time="0.564"/>
  <testcase classname="com.camvi.autotest.personApi.PersonApiCreate" name="test" time="0.521"/>
  <testcase classname="com.camvi.autotest.personApi.PersonApiCreate" name="test" time="0.407"/>
  <testcase classname="com.camvi.autotest.personApi.PersonApiCreate" name="test" time="0.491"/>
  <testcase classname="com.camvi.autotest.personApi.PersonApiCreate" name="test" time="0.744"/>
  <testcase classname="com.camvi.autotest.personApi.PersonApiCreate" name="test" time="0.494"/>
  <testcase classname="com.camvi.autotest.personApi.PersonApiCreate" name="test" time="0.432"/>
  <testcase classname="com.camvi.autotest.personApi.PersonApiCreate" name="test" time="0.551"/>
  <testcase classname="com.camvi.autotest.personApi.PersonApiCreate" name="test" time="0.789"/>
</testsuite> <!-- com.camvi.autotest.personApi.PersonApiCreate -->
