<?xml version="1.0" encoding="UTF-8"?>
<!-- Generated by org.testng.reporters.JUnitReportReporter -->
<testsuite skipped="0" hostname="qiang-ThinkPad-P51" name="com.camvi.autotest.CamviTestNGPlatform" tests="1" failures="0" timestamp="21 Aug 2018 18:49:32 GMT" time="0.006" errors="0">
  <testcase name="test" time="0.006" classname="com.camvi.autotest.CamviTestNGPlatform"/>
</testsuite> <!-- com.camvi.autotest.CamviTestNGPlatform -->
