<?xml version="1.0" encoding="UTF-8"?>
<!-- Generated by org.testng.reporters.JUnitReportReporter -->
<testsuite skipped="0" hostname="qiang-ThinkPad-P51" name="com.camvi.autotest.personApi.PersonApiCreate" tests="3" failures="0" timestamp="21 Aug 2018 18:49:32 GMT" time="1.236" errors="0">
  <testcase name="test" time="0.151" classname="com.camvi.autotest.personApi.PersonApiCreate"/>
  <testcase name="test" time="0.592" classname="com.camvi.autotest.personApi.PersonApiCreate"/>
  <testcase name="test" time="0.493" classname="com.camvi.autotest.personApi.PersonApiCreate"/>
</testsuite> <!-- com.camvi.autotest.personApi.PersonApiCreate -->
