<?xml version="1.0" encoding="UTF-8"?>
<!-- Generated by org.testng.reporters.JUnitReportReporter -->
<testsuite hostname="zhaoming-VirtualBox" failures="0" tests="2" name="com.camvi.autotest.personApi.PersonApiEnable" time="1.236" errors="0" timestamp="30 Nov 2020 21:09:14 GMT" skipped="0">
  <testcase classname="com.camvi.autotest.personApi.PersonApiEnable" name="testEnable" time="0.874"/>
  <testcase classname="com.camvi.autotest.personApi.PersonApiEnable" name="Disable" time="0.362"/>
</testsuite> <!-- com.camvi.autotest.personApi.PersonApiEnable -->
