<?xml version="1.0" encoding="UTF-8"?>
<!-- Generated by org.testng.reporters.JUnitReportReporter -->
<testsuite hostname="zhaoming-VirtualBox" failures="0" tests="1" name="com.camvi.autotest.personApi.PersonApiDisable" time="1.393" errors="0" timestamp="30 Nov 2020 21:09:14 GMT" skipped="0">
  <testcase classname="com.camvi.autotest.personApi.PersonApiDisable" name="testDisable" time="1.393"/>
</testsuite> <!-- com.camvi.autotest.personApi.PersonApiDisable -->
